9003
5864
5000
4300
5832
5000
4320
58C8
5000
4340
5896
5000
4360
8300
58C8
5000
4300
5896
5000
4320
5890
5001
4340
5896
5000
4360
8300
5890
5001
4300
5896
5000
4320
58F4
5001
4340
5832
5000
4360
8300
58F4
5001
4300
5832
5000
4320
5890
5001
4340
5890
5001
4360
8300
5890
5001
4300
5890
5001
4320
582C
5001
4340
58C2
5001
4360
8300
582C
5001
4300
58C2
5001
4320
58C8
5000
4340
5890
5001
4360
8300
58C8
5000
4300
5890
5001
4320
5864
5000
4340
5832
5000
4360
8300
58C8
5000
4300
58C8
5000
4320
5818
5001
4340
58C8
5000
4360
5818
5001
4380
58FA
5000
43A0
58C8
5000
43C0
58FA
5000
43E0
8701
5840
5001
4300
58C8
5000
4320
5890
5001
4340
58C8
5000
4360
5840
5001
4380
58FA
5000
43A0
5890
5001
43C0
58FA
5000
43E0
8701
582C
5001
4300
580E
5001
4320
5840
5001
4340
585E
5001
4360
5818
5001
4380
585E
5001
43A0
8501
58DC
5000
4300
587C
5001
4320
587C
5001
4340
587C
5001
4360
582C
5001
4380
58A4
5001
43A0
8501
5901
5100
5AFF
52FF
4301
5C00
5400
5B00
5300
A464
2461
A464
2461
A464
2461
A464
2461
A464
2461
A464
2461
A464
2461
A464
2461
A464
2461
A464
2461
A464
7832
2481
5D64
5500
10A4
7101
6FE2
4302
5C00
5400
5B00
5300
A464
2461
A464
2461
A464
2461
A464
2461
A464
2461
A464
2461
A464
2461
A464
2461
A464
2461
A464
2461
A464
7832
2481
5D64
5500
10A4
71BF
6FE2
7800
7800
7800
7800
7800
FFFF
7800
7800
7800
7800
7800
7800
7800
7800
7800
7800
7800
7800
7800
7800
7800
7800
7800
7800
7800
7800
7800
7800
7800
7800
7800
7800
7800
7800
7800
7800
7800
7800
7800
7800
7800
7800
7800
7800
7800
7800
7800
7800
7800
7800
7800
7800
7800
7800
7800
7800
7800
7800
7800
7800
7800
7800
7800
7800
7800
7800
7800
7800
7800
7800
7800
7800
7800
7800
7800
7800
7800
7800
7800
7800
7800
7800
7800
7800
7800
7800
7800
7800
7800
7800
7800
7800
7800
7800
7800
7800
7800
7800
7800
7800
7800
7800
7800
7800
7800
7800
7800
7800
7800
7800
7800
7800
7800
7800
7800
7800
7800
7800
7800
7800
7800
7800
7800
7800
7800
7800
7800
7800
7800
7800
7800
7800
7800
7800
7800
7800
7800
7800
7800
7800
7800
7800
7800
7800
7800
7800
7800
7800
7800
7800
7800
7800
7800
7800
7800
7800
7800
7800
7800
7800
7800
7800
7800
7800
7800
7800
7800
7800
7800
7800
7800
7800
7800
7800
7800
7800
7800
7800
7800
7800
7800
7800
7800
7800
7800
7800
7800
7800
7800
7800
7800
7800
7800
7800
7800
7800
7800
7800
7800
7800
7800
7800
7800
7800
7800
7800
7800
7800
7800
7800
7800
7800
7800
7800
7800
7800
7800
7800
7800
7800
7800
7800
7800
7800
7800
7800
7800
7800
7800
7800
7800
7800
7800
7800
7800
7800
7800
7800
7800
7800
7800
7800
7800
7800
7800
7800
7800
7800
7800
7800
7800
7800
7800
7800
7800
7800
7800
7800
7800
7800
7800
7800